{
  "RSpec": {
    "coverage": {
      "/home/bartosz/RubymineProjects/toy_robot/spec/command_parser_parse_spec.rb": [
        1,
        1,
        1,
        null,
        1,
        14,
        11,
        5,
        null,
        1,
        1,
        1,
        1,
        1,
        null,
        null,
        1,
        1,
        1,
        null,
        null,
        1,
        1,
        1,
        null,
        null,
        null,
        1,
        1,
        1,
        1,
        null,
        null,
        null,
        1,
        1,
        1,
        1,
        1,
        null,
        null,
        null,
        1,
        1,
        1,
        1,
        1,
        1,
        null,
        null,
        null,
        1,
        1,
        1,
        1,
        1,
        null,
        null,
        null,
        1,
        1,
        1,
        1,
        1,
        1,
        null,
        null,
        null,
        1,
        1,
        1,
        1,
        1,
        null,
        null,
        null,
        1,
        1,
        1,
        1,
        1,
        1,
        null,
        null,
        null,
        1,
        1,
        2,
        null,
        null,
        1,
        1,
        2,
        null,
        null,
        null,
        1,
        1,
        2,
        null,
        null,
        null,
        null
      ],
      "/home/bartosz/RubymineProjects/toy_robot/src/command_parser.rb": [
        1,
        null,
        null,
        1,
        null,
        1,
        null,
        1,
        13,
        null,
        null,
        1,
        17,
        8,
        8,
        null,
        8,
        null,
        6,
        6,
        6,
        null,
        6,
        9,
        2,
        7,
        2,
        5,
        2,
        3,
        2,
        null,
        1,
        null,
        null,
        null
      ],
      "/home/bartosz/RubymineProjects/toy_robot/src/robot_controller.rb": [
        1,
        1,
        null,
        null,
        1,
        1,
        null,
        1,
        52,
        52,
        52,
        null,
        null,
        1,
        54,
        23,
        null,
        31,
        31,
        31,
        31,
        null,
        null,
        null,
        1,
        17,
        null,
        null,
        1,
        40,
        null,
        25,
        null,
        null,
        1,
        32,
        null,
        26,
        10,
        16,
        8,
        8,
        6,
        2,
        2,
        null,
        null,
        null,
        1,
        19,
        null,
        14,
        6,
        null,
        8,
        null,
        null,
        null,
        1,
        17,
        null,
        13,
        4,
        null,
        9,
        null,
        null,
        null,
        1,
        null,
        1,
        54,
        null,
        null,
        1,
        49,
        null,
        null,
        1,
        36,
        null,
        null,
        1,
        49,
        null,
        null,
        1,
        54,
        null,
        null
      ],
      "/home/bartosz/RubymineProjects/toy_robot/src/robot.rb": [
        null,
        1,
        1,
        null
      ],
      "/home/bartosz/RubymineProjects/toy_robot/src/table.rb": [
        null,
        1,
        1,
        1,
        null,
        1,
        52,
        52,
        52,
        52,
        null,
        null
      ],
      "/home/bartosz/RubymineProjects/toy_robot/spec/robot_controller_left_spec.rb": [
        1,
        1,
        null,
        1,
        4,
        1,
        2,
        null,
        1,
        1,
        1,
        1,
        null,
        1,
        null,
        null,
        1,
        1,
        1,
        null,
        1,
        null,
        null,
        1,
        1,
        1,
        1,
        1,
        null,
        1,
        null,
        null,
        null
      ],
      "/home/bartosz/RubymineProjects/toy_robot/spec/robot_controller_move_spec.rb": [
        1,
        1,
        null,
        1,
        10,
        1,
        1,
        null,
        1,
        1,
        1,
        1,
        1,
        1,
        null,
        1,
        null,
        null,
        1,
        1,
        1,
        null,
        1,
        null,
        null,
        null,
        1,
        1,
        1,
        1,
        null,
        1,
        null,
        null,
        null,
        null,
        1,
        1,
        1,
        1,
        1,
        null,
        1,
        null,
        null,
        null,
        1,
        1,
        1,
        1,
        null,
        1,
        null,
        null,
        null,
        null,
        1,
        1,
        1,
        1,
        1,
        null,
        1,
        null,
        null,
        null,
        1,
        1,
        1,
        1,
        null,
        1,
        null,
        null,
        null,
        null,
        1,
        1,
        1,
        1,
        1,
        null,
        1,
        null,
        null,
        null,
        1,
        1,
        1,
        1,
        null,
        1,
        null,
        null,
        null,
        null,
        null
      ],
      "/home/bartosz/RubymineProjects/toy_robot/spec/robot_controller_place_spec.rb": [
        1,
        1,
        null,
        1,
        8,
        6,
        2,
        1,
        null,
        1,
        1,
        1,
        1,
        1,
        null,
        null,
        1,
        1,
        1,
        null,
        null,
        1,
        1,
        1,
        null,
        null,
        1,
        1,
        1,
        null,
        null,
        1,
        1,
        1,
        null,
        null,
        1,
        1,
        null,
        null,
        null,
        1,
        1,
        1,
        1,
        null,
        null,
        null,
        null
      ],
      "/home/bartosz/RubymineProjects/toy_robot/spec/robot_controller_report_spec.rb": [
        1,
        1,
        null,
        1,
        9,
        8,
        4,
        7,
        null,
        1,
        1,
        1,
        1,
        null,
        1,
        null,
        null,
        1,
        1,
        null,
        1,
        null,
        null,
        1,
        1,
        null,
        1,
        null,
        null,
        1,
        1,
        null,
        1,
        null,
        null,
        1,
        1,
        null,
        1,
        null,
        null,
        1,
        1,
        1,
        null,
        1,
        null,
        null,
        null,
        null,
        1,
        1,
        1,
        null,
        1,
        null,
        null,
        1,
        1,
        1,
        1,
        1,
        null,
        1,
        null,
        null,
        null
      ],
      "/home/bartosz/RubymineProjects/toy_robot/spec/robot_controller_right_spec.rb": [
        1,
        1,
        null,
        1,
        4,
        2,
        null,
        1,
        1,
        1,
        1,
        null,
        1,
        null,
        null,
        1,
        1,
        1,
        null,
        1,
        null,
        null,
        1,
        1,
        1,
        1,
        1,
        null,
        1,
        null,
        null,
        null
      ],
      "/home/bartosz/RubymineProjects/toy_robot/spec/robot_scenarios_spec.rb": [
        1,
        1,
        null,
        1,
        10,
        1,
        1,
        4,
        null,
        1,
        1,
        1,
        1,
        1,
        null,
        null,
        null,
        1,
        1,
        1,
        1,
        1,
        null,
        null,
        null,
        1,
        1,
        1,
        1,
        1,
        1,
        1,
        1,
        null,
        null,
        null,
        1,
        1,
        1,
        1,
        1,
        1,
        1,
        1,
        null,
        null,
        null,
        1,
        1,
        1,
        1,
        1,
        1,
        1,
        1,
        1,
        1,
        1,
        1,
        1,
        null,
        null,
        null,
        1,
        1,
        1,
        1,
        1,
        1,
        1,
        1,
        1,
        1,
        1,
        null,
        null,
        null,
        1,
        1,
        1,
        1,
        1,
        1,
        1,
        1,
        1,
        1,
        1,
        1,
        null,
        null,
        null,
        1,
        1,
        1,
        1,
        1,
        1,
        1,
        1,
        1,
        1,
        1,
        null,
        null,
        null,
        1,
        1,
        1,
        1,
        1,
        1,
        1,
        1,
        1,
        1,
        1,
        1,
        null,
        null,
        null
      ]
    },
    "timestamp": 1498727169
  }
}
